<?xml version="1.0" encoding="UTF-8"?>
<!-- Generated by org.testng.reporters.JUnitReportReporter -->
<testsuite skipped="0" hostname="SK" name="org.parameters.Adactin" tests="1" failures="0" timestamp="13 May 2022 04:17:40 GMT" time="8.825" errors="0">
  <testcase name="ranjith" time="8.825" classname="org.parameters.Adactin"/>
</testsuite> <!-- org.parameters.Adactin -->
