<?xml version="1.0" encoding="UTF-8"?>
<!-- Generated by org.testng.reporters.JUnitReportReporter -->
<testsuite skipped="0" hostname="SK" name="org.task.ConfirmBooking" tests="1" failures="0" timestamp="11 May 2022 13:49:39 GMT" time="0.004" errors="0">
  <testcase name="orderNo" time="0.004" classname="org.task.ConfirmBooking"/>
</testsuite> <!-- org.task.ConfirmBooking -->
