<?xml version="1.0" encoding="UTF-8"?>
<!-- Generated by org.testng.reporters.JUnitReportReporter -->
<testsuite skipped="0" hostname="SK" name="org.task.btn" tests="2" failures="0" timestamp="11 May 2022 13:49:39 GMT" time="0.003" errors="0">
  <testcase name="radiobtnContinue" time="0.002" classname="org.task.btn"/>
  <testcase name="radiobtnclick" time="0.001" classname="org.task.btn"/>
</testsuite> <!-- org.task.btn -->
