<?xml version="1.0" encoding="UTF-8"?>
<!-- Generated by org.testng.reporters.JUnitReportReporter -->
<testsuite skipped="0" hostname="SK" name="org.day4.Hello" tests="7" failures="0" timestamp="18 May 2022 13:00:00 GMT" time="0.013" errors="0">
  <testcase name="test" time="0.004" classname="org.day4.Hello"/>
  <testcase name="test3" time="0.002" classname="org.day4.Hello"/>
  <testcase name="test1" time="0.001" classname="org.day4.Hello"/>
  <testcase name="test5" time="0.001" classname="org.day4.Hello"/>
  <testcase name="test6" time="0.002" classname="org.day4.Hello"/>
  <testcase name="test4" time="0.002" classname="org.day4.Hello"/>
  <testcase name="test2" time="0.001" classname="org.day4.Hello"/>
</testsuite> <!-- org.day4.Hello -->
