<?xml version="1.0" encoding="UTF-8"?>
<!-- Generated by org.testng.reporters.JUnitReportReporter -->
<testsuite skipped="0" hostname="SK" name="org.dataprovider.sample" tests="4" failures="0" timestamp="16 May 2022 05:51:11 GMT" time="0.023" errors="0">
  <testcase name="mobile" time="0.000" classname="org.dataprovider.sample"/>
  <testcase name="lastname" time="0.002" classname="org.dataprovider.sample"/>
  <testcase name="signup" time="0.008" classname="org.dataprovider.sample"/>
  <testcase name="firstname" time="0.013" classname="org.dataprovider.sample"/>
</testsuite> <!-- org.dataprovider.sample -->
