<?xml version="1.0" encoding="UTF-8"?>
<!-- Generated by org.testng.reporters.JUnitReportReporter -->
<testsuite skipped="0" hostname="SK" name="org.test.iphone" tests="1" failures="0" timestamp="16 May 2022 12:33:33 GMT" time="30.653" errors="0">
  <testcase name="phone" time="30.653" classname="org.test.iphone"/>
</testsuite> <!-- org.test.iphone -->
