<?xml version="1.0" encoding="UTF-8"?>
<!-- Generated by org.testng.reporters.JUnitReportReporter -->
<testsuite skipped="0" hostname="SK" name="org.parameters.seleniumconcept" tests="4" failures="0" timestamp="13 May 2022 03:46:04 GMT" time="35.532" errors="0">
  <testcase name="test" time="7.609" classname="org.parameters.seleniumconcept"/>
  <testcase name="test" time="10.432" classname="org.parameters.seleniumconcept"/>
  <testcase name="test" time="8.418" classname="org.parameters.seleniumconcept"/>
  <testcase name="test" time="9.073" classname="org.parameters.seleniumconcept"/>
</testsuite> <!-- org.parameters.seleniumconcept -->
