<?xml version="1.0" encoding="UTF-8"?>
<!-- Generated by org.testng.reporters.JUnitReportReporter -->
<testsuite skipped="0" hostname="SK" name="org.task.hotel" tests="9" failures="0" timestamp="11 May 2022 13:49:39 GMT" time="0.015" errors="0">
  <testcase name="childroom" time="0.002" classname="org.task.hotel"/>
  <testcase name="hotels" time="0.001" classname="org.task.hotel"/>
  <testcase name="indate" time="0.000" classname="org.task.hotel"/>
  <testcase name="outdate" time="0.007" classname="org.task.hotel"/>
  <testcase name="location" time="0.002" classname="org.task.hotel"/>
  <testcase name="roomnos" time="0.000" classname="org.task.hotel"/>
  <testcase name="adultroom" time="0.002" classname="org.task.hotel"/>
  <testcase name="btnsearch" time="0.001" classname="org.task.hotel"/>
  <testcase name="roomtype" time="0.000" classname="org.task.hotel"/>
</testsuite> <!-- org.task.hotel -->
