<?xml version="1.0" encoding="UTF-8"?>
<!-- Generated by org.testng.reporters.JUnitReportReporter -->
<testsuite skipped="0" hostname="SK" name="org.parameters.Parameter" tests="2" failures="0" timestamp="13 May 2022 04:14:22 GMT" time="0.730" errors="0">
  <testcase name="username" time="0.413" classname="org.parameters.Parameter"/>
  <testcase name="password" time="0.317" classname="org.parameters.Parameter"/>
</testsuite> <!-- org.parameters.Parameter -->
