<?xml version="1.0" encoding="UTF-8"?>
<!-- Generated by org.testng.reporters.JUnitReportReporter -->
<testsuite skipped="0" hostname="SK" name="org.task.Login" tests="3" failures="0" timestamp="12 May 2022 10:17:53 GMT" time="0.053" errors="0">
  <testcase name="username" time="0.015" classname="org.task.Login"/>
  <testcase name="btnlogin" time="0.029" classname="org.task.Login"/>
  <testcase name="password" time="0.009" classname="org.task.Login"/>
</testsuite> <!-- org.task.Login -->
