<?xml version="1.0" encoding="UTF-8"?>
<!-- Generated by org.testng.reporters.JUnitReportReporter -->
<testsuite skipped="0" hostname="SK" name="org.dataprovider.MyAssert" tests="1" failures="0" timestamp="16 May 2022 05:50:06 GMT" time="0.014" errors="0">
  <testcase name="mobile" time="0.014" classname="org.dataprovider.MyAssert"/>
</testsuite> <!-- org.dataprovider.MyAssert -->
