<?xml version="1.0" encoding="UTF-8"?>
<!-- Generated by org.testng.reporters.JUnitReportReporter -->
<testsuite skipped="0" hostname="SK" name="org.task.BookAHotel" tests="9" failures="0" timestamp="11 May 2022 13:49:39 GMT" time="0.005" errors="0">
  <testcase name="bookBtn" time="0.002" classname="org.task.BookAHotel"/>
  <testcase name="firstname" time="0.000" classname="org.task.BookAHotel"/>
  <testcase name="creditcardtype" time="0.000" classname="org.task.BookAHotel"/>
  <testcase name="expMonth" time="0.000" classname="org.task.BookAHotel"/>
  <testcase name="expYear" time="0.000" classname="org.task.BookAHotel"/>
  <testcase name="creditcardno" time="0.000" classname="org.task.BookAHotel"/>
  <testcase name="laststname" time="0.001" classname="org.task.BookAHotel"/>
  <testcase name="address" time="0.001" classname="org.task.BookAHotel"/>
  <testcase name="ccvNumber" time="0.001" classname="org.task.BookAHotel"/>
</testsuite> <!-- org.task.BookAHotel -->
